<?xml version="1.0" encoding="UTF-8"?>
<testng-results skipped="0" failed="0" ignored="0" total="1" passed="1">
  <reporter-output>
  </reporter-output>
  <suite name="Suite" duration-ms="164789" started-at="2021-01-26T16:57:20Z" finished-at="2021-01-26T17:00:04Z">
    <groups>
      <group name="cucumber">
        <method signature="AbstractTestNGCucumberTests.feature(cucumber.api.testng.CucumberFeatureWrapper)[pri:0, instance:CucumberOptions.TestRunner@57baeedf]" name="feature" class="cucumber.api.testng.AbstractTestNGCucumberTests"/>
      </group> <!-- cucumber -->
    </groups>
    <test name="Test" duration-ms="164789" started-at="2021-01-26T16:57:20Z" finished-at="2021-01-26T17:00:04Z">
      <class name="CucumberOptions.TestRunner">
        <test-method status="PASS" signature="setUpClass()[pri:0, instance:CucumberOptions.TestRunner@57baeedf]" name="setUpClass" is-config="true" duration-ms="429" started-at="2021-01-26T22:27:20Z" finished-at="2021-01-26T22:27:20Z">
          <reporter-output>
          </reporter-output>
        </test-method> <!-- setUpClass -->
        <test-method status="PASS" signature="feature(cucumber.api.testng.CucumberFeatureWrapper)[pri:0, instance:CucumberOptions.TestRunner@57baeedf]" name="feature" duration-ms="164188" started-at="2021-01-26T22:27:20Z" description="Runs Cucumber Feature" data-provider="features" finished-at="2021-01-26T22:30:04Z">
          <params>
            <param index="0">
              <value>
                <![CDATA[Application Login]]>
              </value>
            </param>
          </params>
          <reporter-output>
          </reporter-output>
        </test-method> <!-- feature -->
        <test-method status="PASS" signature="tearDownClass()[pri:0, instance:CucumberOptions.TestRunner@57baeedf]" name="tearDownClass" is-config="true" duration-ms="12" started-at="2021-01-26T22:30:04Z" finished-at="2021-01-26T22:30:04Z">
          <reporter-output>
          </reporter-output>
        </test-method> <!-- tearDownClass -->
      </class> <!-- CucumberOptions.TestRunner -->
    </test> <!-- Test -->
  </suite> <!-- Suite -->
</testng-results>
